{"/workspaces/react-typescript-data-gen/src/App.tsx": {"path":"/workspaces/react-typescript-data-gen/src/App.tsx","statementMap":{"0":{"start":{"line":10,"column":2},"end":{"line":42,"column":3}},"1":{"start":{"line":19,"column":27},"end":{"line":19,"column":45}}},"fnMap":{"0":{"name":"App","decl":{"start":{"line":9,"column":9},"end":{"line":9,"column":12}},"loc":{"start":{"line":9,"column":16},"end":{"line":43,"column":1}},"line":9},"1":{"name":"(anonymous_1)","decl":{"start":{"line":19,"column":22},"end":{"line":19,"column":23}},"loc":{"start":{"line":19,"column":27},"end":{"line":19,"column":45}},"line":19}},"branchMap":{},"s":{"0":1,"1":0},"f":{"0":1,"1":0},"b":{},"_coverageSchema":"1a1c01bbd47fc00a2c39e90264f33305004495a9","hash":"500b17067fbedbed7f89105963888ed8f7908e72"}
,"/workspaces/react-typescript-data-gen/src/index.tsx": {"path":"/workspaces/react-typescript-data-gen/src/index.tsx","statementMap":{"0":{"start":{"line":9,"column":0},"end":{"line":16,"column":1}},"1":{"start":{"line":21,"column":0},"end":{"line":21,"column":26}}},"fnMap":{},"branchMap":{},"s":{"0":0,"1":0},"f":{},"b":{}}
,"/workspaces/react-typescript-data-gen/src/serviceWorker.ts": {"path":"/workspaces/react-typescript-data-gen/src/serviceWorker.ts","statementMap":{"0":{"start":{"line":13,"column":20},"end":{"line":17,"column":92}},"1":{"start":{"line":27,"column":2},"end":{"line":67,"column":6}},"2":{"start":{"line":30,"column":6},"end":{"line":61,"column":7}},"3":{"start":{"line":31,"column":33},"end":{"line":31,"column":56}},"4":{"start":{"line":32,"column":8},"end":{"line":34,"column":9}},"5":{"start":{"line":33,"column":10},"end":{"line":33,"column":16}},"6":{"start":{"line":35,"column":8},"end":{"line":60,"column":9}},"7":{"start":{"line":36,"column":10},"end":{"line":59,"column":11}},"8":{"start":{"line":37,"column":12},"end":{"line":58,"column":13}},"9":{"start":{"line":41,"column":14},"end":{"line":42,"column":79}},"10":{"start":{"line":45,"column":14},"end":{"line":47,"column":15}},"11":{"start":{"line":46,"column":16},"end":{"line":46,"column":45}},"12":{"start":{"line":52,"column":14},"end":{"line":52,"column":63}},"13":{"start":{"line":55,"column":14},"end":{"line":57,"column":15}},"14":{"start":{"line":56,"column":16},"end":{"line":56,"column":46}},"15":{"start":{"line":64,"column":6},"end":{"line":66,"column":7}},"16":{"start":{"line":74,"column":2},"end":{"line":101,"column":6}},"17":{"start":{"line":81,"column":26},"end":{"line":81,"column":62}},"18":{"start":{"line":82,"column":6},"end":{"line":97,"column":7}},"19":{"start":{"line":87,"column":8},"end":{"line":91,"column":10}},"20":{"start":{"line":88,"column":10},"end":{"line":90,"column":12}},"21":{"start":{"line":89,"column":12},"end":{"line":89,"column":36}},"22":{"start":{"line":94,"column":8},"end":{"line":96,"column":9}},"23":{"start":{"line":100,"column":6},"end":{"line":100,"column":82}},"24":{"start":{"line":105,"column":2},"end":{"line":141,"column":3}},"25":{"start":{"line":107,"column":22},"end":{"line":109,"column":5}},"26":{"start":{"line":110,"column":4},"end":{"line":115,"column":5}},"27":{"start":{"line":114,"column":6},"end":{"line":114,"column":12}},"28":{"start":{"line":117,"column":4},"end":{"line":140,"column":5}},"29":{"start":{"line":119,"column":22},"end":{"line":119,"column":67}},"30":{"start":{"line":121,"column":8},"end":{"line":138,"column":9}},"31":{"start":{"line":123,"column":10},"end":{"line":125,"column":11}},"32":{"start":{"line":129,"column":10},"end":{"line":132,"column":12}},"33":{"start":{"line":130,"column":12},"end":{"line":131,"column":68}},"34":{"start":{"line":135,"column":10},"end":{"line":137,"column":11}},"35":{"start":{"line":145,"column":2},"end":{"line":153,"column":3}},"36":{"start":{"line":146,"column":4},"end":{"line":152,"column":8}},"37":{"start":{"line":148,"column":8},"end":{"line":148,"column":33}},"38":{"start":{"line":151,"column":8},"end":{"line":151,"column":36}}},"fnMap":{"0":{"name":"registerValidSW","decl":{"start":{"line":24,"column":9},"end":{"line":24,"column":24}},"loc":{"start":{"line":26,"column":2},"end":{"line":68,"column":1}},"line":26},"1":{"name":"(anonymous_1)","decl":{"start":{"line":29,"column":10},"end":{"line":29,"column":11}},"loc":{"start":{"line":29,"column":26},"end":{"line":62,"column":5}},"line":29},"2":{"name":"(anonymous_2)","decl":{"start":{"line":30,"column":35},"end":{"line":30,"column":36}},"loc":{"start":{"line":30,"column":41},"end":{"line":61,"column":7}},"line":30},"3":{"name":"(anonymous_3)","decl":{"start":{"line":35,"column":41},"end":{"line":35,"column":42}},"loc":{"start":{"line":35,"column":47},"end":{"line":60,"column":9}},"line":35},"4":{"name":"(anonymous_4)","decl":{"start":{"line":63,"column":11},"end":{"line":63,"column":12}},"loc":{"start":{"line":63,"column":20},"end":{"line":67,"column":5}},"line":63},"5":{"name":"checkValidServiceWorker","decl":{"start":{"line":70,"column":9},"end":{"line":70,"column":32}},"loc":{"start":{"line":72,"column":2},"end":{"line":102,"column":1}},"line":72},"6":{"name":"(anonymous_6)","decl":{"start":{"line":79,"column":10},"end":{"line":79,"column":11}},"loc":{"start":{"line":79,"column":22},"end":{"line":98,"column":5}},"line":79},"7":{"name":"(anonymous_7)","decl":{"start":{"line":87,"column":43},"end":{"line":87,"column":44}},"loc":{"start":{"line":87,"column":59},"end":{"line":91,"column":9}},"line":87},"8":{"name":"(anonymous_8)","decl":{"start":{"line":88,"column":41},"end":{"line":88,"column":42}},"loc":{"start":{"line":88,"column":47},"end":{"line":90,"column":11}},"line":88},"9":{"name":"(anonymous_9)","decl":{"start":{"line":99,"column":11},"end":{"line":99,"column":12}},"loc":{"start":{"line":99,"column":17},"end":{"line":101,"column":5}},"line":99},"10":{"name":"register","decl":{"start":{"line":104,"column":16},"end":{"line":104,"column":24}},"loc":{"start":{"line":104,"column":43},"end":{"line":142,"column":1}},"line":104},"11":{"name":"(anonymous_11)","decl":{"start":{"line":118,"column":14},"end":{"line":118,"column":15}},"loc":{"start":{"line":118,"column":20},"end":{"line":139,"column":7}},"line":118},"12":{"name":"(anonymous_12)","decl":{"start":{"line":129,"column":45},"end":{"line":129,"column":46}},"loc":{"start":{"line":129,"column":51},"end":{"line":132,"column":11}},"line":129},"13":{"name":"unregister","decl":{"start":{"line":144,"column":16},"end":{"line":144,"column":26}},"loc":{"start":{"line":144,"column":30},"end":{"line":154,"column":1}},"line":144},"14":{"name":"(anonymous_14)","decl":{"start":{"line":147,"column":12},"end":{"line":147,"column":13}},"loc":{"start":{"line":147,"column":28},"end":{"line":149,"column":7}},"line":147},"15":{"name":"(anonymous_15)","decl":{"start":{"line":150,"column":13},"end":{"line":150,"column":14}},"loc":{"start":{"line":150,"column":22},"end":{"line":152,"column":7}},"line":150}},"branchMap":{"0":{"loc":{"start":{"line":13,"column":28},"end":{"line":17,"column":91}},"type":"binary-expr","locations":[{"start":{"line":13,"column":28},"end":{"line":13,"column":68}},{"start":{"line":15,"column":4},"end":{"line":15,"column":40}},{"start":{"line":17,"column":4},"end":{"line":17,"column":91}}],"line":13},"1":{"loc":{"start":{"line":32,"column":8},"end":{"line":34,"column":9}},"type":"if","locations":[{"start":{"line":32,"column":8},"end":{"line":34,"column":9}},{"start":{"line":32,"column":8},"end":{"line":34,"column":9}}],"line":32},"2":{"loc":{"start":{"line":36,"column":10},"end":{"line":59,"column":11}},"type":"if","locations":[{"start":{"line":36,"column":10},"end":{"line":59,"column":11}},{"start":{"line":36,"column":10},"end":{"line":59,"column":11}}],"line":36},"3":{"loc":{"start":{"line":37,"column":12},"end":{"line":58,"column":13}},"type":"if","locations":[{"start":{"line":37,"column":12},"end":{"line":58,"column":13}},{"start":{"line":37,"column":12},"end":{"line":58,"column":13}}],"line":37},"4":{"loc":{"start":{"line":45,"column":14},"end":{"line":47,"column":15}},"type":"if","locations":[{"start":{"line":45,"column":14},"end":{"line":47,"column":15}},{"start":{"line":45,"column":14},"end":{"line":47,"column":15}}],"line":45},"5":{"loc":{"start":{"line":45,"column":18},"end":{"line":45,"column":43}},"type":"binary-expr","locations":[{"start":{"line":45,"column":18},"end":{"line":45,"column":24}},{"start":{"line":45,"column":28},"end":{"line":45,"column":43}}],"line":45},"6":{"loc":{"start":{"line":55,"column":14},"end":{"line":57,"column":15}},"type":"if","locations":[{"start":{"line":55,"column":14},"end":{"line":57,"column":15}},{"start":{"line":55,"column":14},"end":{"line":57,"column":15}}],"line":55},"7":{"loc":{"start":{"line":55,"column":18},"end":{"line":55,"column":44}},"type":"binary-expr","locations":[{"start":{"line":55,"column":18},"end":{"line":55,"column":24}},{"start":{"line":55,"column":28},"end":{"line":55,"column":44}}],"line":55},"8":{"loc":{"start":{"line":82,"column":6},"end":{"line":97,"column":7}},"type":"if","locations":[{"start":{"line":82,"column":6},"end":{"line":97,"column":7}},{"start":{"line":82,"column":6},"end":{"line":97,"column":7}}],"line":82},"9":{"loc":{"start":{"line":83,"column":8},"end":{"line":84,"column":73}},"type":"binary-expr","locations":[{"start":{"line":83,"column":8},"end":{"line":83,"column":31}},{"start":{"line":84,"column":9},"end":{"line":84,"column":28}},{"start":{"line":84,"column":32},"end":{"line":84,"column":72}}],"line":83},"10":{"loc":{"start":{"line":105,"column":2},"end":{"line":141,"column":3}},"type":"if","locations":[{"start":{"line":105,"column":2},"end":{"line":141,"column":3}},{"start":{"line":105,"column":2},"end":{"line":141,"column":3}}],"line":105},"11":{"loc":{"start":{"line":105,"column":6},"end":{"line":105,"column":75}},"type":"binary-expr","locations":[{"start":{"line":105,"column":6},"end":{"line":105,"column":43}},{"start":{"line":105,"column":47},"end":{"line":105,"column":75}}],"line":105},"12":{"loc":{"start":{"line":110,"column":4},"end":{"line":115,"column":5}},"type":"if","locations":[{"start":{"line":110,"column":4},"end":{"line":115,"column":5}},{"start":{"line":110,"column":4},"end":{"line":115,"column":5}}],"line":110},"13":{"loc":{"start":{"line":121,"column":8},"end":{"line":138,"column":9}},"type":"if","locations":[{"start":{"line":121,"column":8},"end":{"line":138,"column":9}},{"start":{"line":121,"column":8},"end":{"line":138,"column":9}}],"line":121},"14":{"loc":{"start":{"line":145,"column":2},"end":{"line":153,"column":3}},"type":"if","locations":[{"start":{"line":145,"column":2},"end":{"line":153,"column":3}},{"start":{"line":145,"column":2},"end":{"line":153,"column":3}}],"line":145}},"s":{"0":0,"1":0,"2":0,"3":0,"4":0,"5":0,"6":0,"7":0,"8":0,"9":0,"10":0,"11":0,"12":0,"13":0,"14":0,"15":0,"16":0,"17":0,"18":0,"19":0,"20":0,"21":0,"22":0,"23":0,"24":0,"25":0,"26":0,"27":0,"28":0,"29":0,"30":0,"31":0,"32":0,"33":0,"34":0,"35":0,"36":0,"37":0,"38":0},"f":{"0":0,"1":0,"2":0,"3":0,"4":0,"5":0,"6":0,"7":0,"8":0,"9":0,"10":0,"11":0,"12":0,"13":0,"14":0,"15":0},"b":{"0":[0,0,0],"1":[0,0],"2":[0,0],"3":[0,0],"4":[0,0],"5":[0,0],"6":[0,0],"7":[0,0],"8":[0,0],"9":[0,0,0],"10":[0,0],"11":[0,0],"12":[0,0],"13":[0,0],"14":[0,0]}}
,"/workspaces/react-typescript-data-gen/src/app/store.ts": {"path":"/workspaces/react-typescript-data-gen/src/app/store.ts","statementMap":{"0":{"start":{"line":5,"column":21},"end":{"line":10,"column":2}}},"fnMap":{},"branchMap":{},"s":{"0":1},"f":{},"b":{},"_coverageSchema":"1a1c01bbd47fc00a2c39e90264f33305004495a9","hash":"cf9d14b1322067b983e344ab80e81dc379e40178"}
,"/workspaces/react-typescript-data-gen/src/components/AddColumn.tsx": {"path":"/workspaces/react-typescript-data-gen/src/components/AddColumn.tsx","statementMap":{"0":{"start":{"line":7,"column":21},"end":{"line":7,"column":26}},"1":{"start":{"line":8,"column":14},"end":{"line":13,"column":1}},"2":{"start":{"line":14,"column":19},"end":{"line":22,"column":1}},"3":{"start":{"line":23,"column":25},"end":{"line":136,"column":1}},"4":{"start":{"line":24,"column":17},"end":{"line":24,"column":31}},"5":{"start":{"line":25,"column":19},"end":{"line":25,"column":32}},"6":{"start":{"line":26,"column":26},"end":{"line":28,"column":3}},"7":{"start":{"line":29,"column":26},"end":{"line":31,"column":3}},"8":{"start":{"line":33,"column":19},"end":{"line":47,"column":3}},"9":{"start":{"line":36,"column":4},"end":{"line":38,"column":5}},"10":{"start":{"line":37,"column":6},"end":{"line":37,"column":28}},"11":{"start":{"line":39,"column":4},"end":{"line":41,"column":5}},"12":{"start":{"line":42,"column":4},"end":{"line":46,"column":5}},"13":{"start":{"line":49,"column":23},"end":{"line":59,"column":3}},"14":{"start":{"line":50,"column":4},"end":{"line":52,"column":5}},"15":{"start":{"line":53,"column":17},"end":{"line":55,"column":5}},"16":{"start":{"line":56,"column":4},"end":{"line":58,"column":5}},"17":{"start":{"line":61,"column":2},"end":{"line":135,"column":3}}},"fnMap":{"0":{"name":"(anonymous_0)","decl":{"start":{"line":23,"column":25},"end":{"line":23,"column":26}},"loc":{"start":{"line":23,"column":31},"end":{"line":136,"column":1}},"line":23},"1":{"name":"(anonymous_1)","decl":{"start":{"line":33,"column":19},"end":{"line":33,"column":20}},"loc":{"start":{"line":35,"column":7},"end":{"line":47,"column":3}},"line":35},"2":{"name":"(anonymous_2)","decl":{"start":{"line":49,"column":23},"end":{"line":49,"column":24}},"loc":{"start":{"line":49,"column":29},"end":{"line":59,"column":3}},"line":49}},"branchMap":{"0":{"loc":{"start":{"line":36,"column":4},"end":{"line":38,"column":5}},"type":"if","locations":[{"start":{"line":36,"column":4},"end":{"line":38,"column":5}},{"start":{"line":36,"column":4},"end":{"line":38,"column":5}}],"line":36},"1":{"loc":{"start":{"line":102,"column":12},"end":{"line":107,"column":18}},"type":"cond-expr","locations":[{"start":{"line":103,"column":16},"end":{"line":103,"column":53}},{"start":{"line":104,"column":16},"end":{"line":107,"column":18}}],"line":102}},"s":{"0":1,"1":1,"2":1,"3":1,"4":0,"5":0,"6":0,"7":0,"8":0,"9":0,"10":0,"11":0,"12":0,"13":0,"14":0,"15":0,"16":0,"17":0},"f":{"0":0,"1":0,"2":0},"b":{"0":[0,0],"1":[0,0]},"_coverageSchema":"1a1c01bbd47fc00a2c39e90264f33305004495a9","hash":"3dab9dcd763911253c7f56908d15d915fdcb7618"}
,"/workspaces/react-typescript-data-gen/src/components/RadioGroup.tsx": {"path":"/workspaces/react-typescript-data-gen/src/components/RadioGroup.tsx","statementMap":{"0":{"start":{"line":9,"column":19},"end":{"line":9,"column":25}},"1":{"start":{"line":11,"column":16},"end":{"line":15,"column":1}},"2":{"start":{"line":17,"column":16},"end":{"line":17,"column":43}},"3":{"start":{"line":18,"column":18},"end":{"line":18,"column":44}},"4":{"start":{"line":19,"column":19},"end":{"line":19,"column":32}},"5":{"start":{"line":20,"column":25},"end":{"line":24,"column":11}},"6":{"start":{"line":25,"column":28},"end":{"line":25,"column":52}},"7":{"start":{"line":27,"column":2},"end":{"line":68,"column":3}},"8":{"start":{"line":34,"column":26},"end":{"line":34,"column":84}},"9":{"start":{"line":34,"column":58},"end":{"line":34,"column":82}},"10":{"start":{"line":34,"column":85},"end":{"line":34,"column":109}},"11":{"start":{"line":45,"column":30},"end":{"line":45,"column":55}},"12":{"start":{"line":53,"column":30},"end":{"line":53,"column":55}},"13":{"start":{"line":59,"column":12},"end":{"line":64,"column":21}}},"fnMap":{"0":{"name":"RadioGroup","decl":{"start":{"line":16,"column":16},"end":{"line":16,"column":26}},"loc":{"start":{"line":16,"column":30},"end":{"line":69,"column":1}},"line":16},"1":{"name":"(anonymous_1)","decl":{"start":{"line":34,"column":19},"end":{"line":34,"column":20}},"loc":{"start":{"line":34,"column":24},"end":{"line":34,"column":111}},"line":34},"2":{"name":"(anonymous_2)","decl":{"start":{"line":45,"column":21},"end":{"line":45,"column":22}},"loc":{"start":{"line":45,"column":30},"end":{"line":45,"column":55}},"line":45},"3":{"name":"(anonymous_3)","decl":{"start":{"line":53,"column":21},"end":{"line":53,"column":22}},"loc":{"start":{"line":53,"column":30},"end":{"line":53,"column":55}},"line":53},"4":{"name":"(anonymous_4)","decl":{"start":{"line":56,"column":23},"end":{"line":56,"column":24}},"loc":{"start":{"line":59,"column":12},"end":{"line":64,"column":21}},"line":59}},"branchMap":{"0":{"loc":{"start":{"line":34,"column":26},"end":{"line":34,"column":84}},"type":"if","locations":[{"start":{"line":34,"column":26},"end":{"line":34,"column":84}},{"start":{"line":34,"column":26},"end":{"line":34,"column":84}}],"line":34},"1":{"loc":{"start":{"line":38,"column":7},"end":{"line":46,"column":10}},"type":"binary-expr","locations":[{"start":{"line":38,"column":7},"end":{"line":40,"column":7}},{"start":{"line":41,"column":8},"end":{"line":46,"column":10}}],"line":38},"2":{"loc":{"start":{"line":48,"column":7},"end":{"line":65,"column":17}},"type":"binary-expr","locations":[{"start":{"line":48,"column":7},"end":{"line":50,"column":7}},{"start":{"line":51,"column":8},"end":{"line":65,"column":17}}],"line":48}},"s":{"0":1,"1":1,"2":1,"3":1,"4":1,"5":1,"6":1,"7":1,"8":0,"9":0,"10":0,"11":0,"12":0,"13":0},"f":{"0":1,"1":0,"2":0,"3":0,"4":0},"b":{"0":[0,0],"1":[1,0],"2":[1,0]},"_coverageSchema":"1a1c01bbd47fc00a2c39e90264f33305004495a9","hash":"526ab150e93e5ec39edead04ad0687c1bb2a77e1"}
,"/workspaces/react-typescript-data-gen/src/components/WeekDays.tsx": {"path":"/workspaces/react-typescript-data-gen/src/components/WeekDays.tsx","statementMap":{"0":{"start":{"line":5,"column":24},"end":{"line":40,"column":1}},"1":{"start":{"line":8,"column":17},"end":{"line":18,"column":3}},"2":{"start":{"line":11,"column":4},"end":{"line":11,"column":28}},"3":{"start":{"line":12,"column":24},"end":{"line":14,"column":5}},"4":{"start":{"line":15,"column":4},"end":{"line":17,"column":5}},"5":{"start":{"line":19,"column":2},"end":{"line":39,"column":3}},"6":{"start":{"line":26,"column":10},"end":{"line":35,"column":19}},"7":{"start":{"line":28,"column":28},"end":{"line":30,"column":13}}},"fnMap":{"0":{"name":"(anonymous_0)","decl":{"start":{"line":5,"column":24},"end":{"line":5,"column":25}},"loc":{"start":{"line":7,"column":5},"end":{"line":40,"column":1}},"line":7},"1":{"name":"(anonymous_1)","decl":{"start":{"line":8,"column":17},"end":{"line":8,"column":18}},"loc":{"start":{"line":10,"column":7},"end":{"line":18,"column":3}},"line":10},"2":{"name":"(anonymous_2)","decl":{"start":{"line":23,"column":8},"end":{"line":23,"column":9}},"loc":{"start":{"line":26,"column":10},"end":{"line":35,"column":19}},"line":26},"3":{"name":"(anonymous_3)","decl":{"start":{"line":28,"column":22},"end":{"line":28,"column":23}},"loc":{"start":{"line":28,"column":28},"end":{"line":30,"column":13}},"line":28}},"branchMap":{"0":{"loc":{"start":{"line":32,"column":19},"end":{"line":32,"column":52}},"type":"cond-expr","locations":[{"start":{"line":32,"column":32},"end":{"line":32,"column":40}},{"start":{"line":32,"column":43},"end":{"line":32,"column":52}}],"line":32}},"s":{"0":1,"1":0,"2":0,"3":0,"4":0,"5":0,"6":0,"7":0},"f":{"0":0,"1":0,"2":0,"3":0},"b":{"0":[0,0]},"_coverageSchema":"1a1c01bbd47fc00a2c39e90264f33305004495a9","hash":"752e0b1aeebc8267f04cfa3d829ed6dba4c7e0b6"}
,"/workspaces/react-typescript-data-gen/src/features/counter/Counter.tsx": {"path":"/workspaces/react-typescript-data-gen/src/features/counter/Counter.tsx","statementMap":{"0":{"start":{"line":13,"column":16},"end":{"line":13,"column":40}},"1":{"start":{"line":15,"column":19},"end":{"line":15,"column":32}},"2":{"start":{"line":16,"column":48},"end":{"line":16,"column":61}},"3":{"start":{"line":18,"column":2},"end":{"line":60,"column":3}},"4":{"start":{"line":24,"column":26},"end":{"line":24,"column":47}},"5":{"start":{"line":32,"column":26},"end":{"line":32,"column":47}},"6":{"start":{"line":41,"column":26},"end":{"line":41,"column":60}},"7":{"start":{"line":47,"column":12},"end":{"line":47,"column":69}},"8":{"start":{"line":54,"column":26},"end":{"line":54,"column":80}}},"fnMap":{"0":{"name":"Counter","decl":{"start":{"line":12,"column":16},"end":{"line":12,"column":23}},"loc":{"start":{"line":12,"column":27},"end":{"line":61,"column":1}},"line":12},"1":{"name":"(anonymous_1)","decl":{"start":{"line":24,"column":20},"end":{"line":24,"column":21}},"loc":{"start":{"line":24,"column":26},"end":{"line":24,"column":47}},"line":24},"2":{"name":"(anonymous_2)","decl":{"start":{"line":32,"column":20},"end":{"line":32,"column":21}},"loc":{"start":{"line":32,"column":26},"end":{"line":32,"column":47}},"line":32},"3":{"name":"(anonymous_3)","decl":{"start":{"line":41,"column":21},"end":{"line":41,"column":22}},"loc":{"start":{"line":41,"column":26},"end":{"line":41,"column":60}},"line":41},"4":{"name":"(anonymous_4)","decl":{"start":{"line":46,"column":20},"end":{"line":46,"column":21}},"loc":{"start":{"line":47,"column":12},"end":{"line":47,"column":69}},"line":47},"5":{"name":"(anonymous_5)","decl":{"start":{"line":54,"column":20},"end":{"line":54,"column":21}},"loc":{"start":{"line":54,"column":26},"end":{"line":54,"column":80}},"line":54}},"branchMap":{"0":{"loc":{"start":{"line":47,"column":39},"end":{"line":47,"column":67}},"type":"binary-expr","locations":[{"start":{"line":47,"column":39},"end":{"line":47,"column":62}},{"start":{"line":47,"column":66},"end":{"line":47,"column":67}}],"line":47},"1":{"loc":{"start":{"line":54,"column":50},"end":{"line":54,"column":78}},"type":"binary-expr","locations":[{"start":{"line":54,"column":50},"end":{"line":54,"column":73}},{"start":{"line":54,"column":77},"end":{"line":54,"column":78}}],"line":54}},"s":{"0":0,"1":0,"2":0,"3":0,"4":0,"5":0,"6":0,"7":0,"8":0},"f":{"0":0,"1":0,"2":0,"3":0,"4":0,"5":0},"b":{"0":[0,0],"1":[0,0]}}
,"/workspaces/react-typescript-data-gen/src/features/counter/counterSlice.ts": {"path":"/workspaces/react-typescript-data-gen/src/features/counter/counterSlice.ts","statementMap":{"0":{"start":{"line":8,"column":35},"end":{"line":10,"column":1}},"1":{"start":{"line":12,"column":28},"end":{"line":33,"column":2}},"2":{"start":{"line":21,"column":6},"end":{"line":21,"column":22}},"3":{"start":{"line":24,"column":6},"end":{"line":24,"column":22}},"4":{"start":{"line":30,"column":6},"end":{"line":30,"column":35}},"5":{"start":{"line":35,"column":59},"end":{"line":35,"column":79}},"6":{"start":{"line":41,"column":30},"end":{"line":47,"column":1}},"7":{"start":{"line":41,"column":60},"end":{"line":47,"column":1}},"8":{"start":{"line":42,"column":2},"end":{"line":46,"column":3}},"9":{"start":{"line":44,"column":6},"end":{"line":44,"column":41}},"10":{"start":{"line":52,"column":27},"end":{"line":52,"column":68}},"11":{"start":{"line":52,"column":49},"end":{"line":52,"column":68}}},"fnMap":{"0":{"name":"(anonymous_0)","decl":{"start":{"line":16,"column":15},"end":{"line":16,"column":16}},"loc":{"start":{"line":16,"column":24},"end":{"line":22,"column":5}},"line":16},"1":{"name":"(anonymous_1)","decl":{"start":{"line":23,"column":15},"end":{"line":23,"column":16}},"loc":{"start":{"line":23,"column":24},"end":{"line":25,"column":5}},"line":23},"2":{"name":"(anonymous_2)","decl":{"start":{"line":27,"column":23},"end":{"line":27,"column":24}},"loc":{"start":{"line":29,"column":9},"end":{"line":31,"column":5}},"line":29},"3":{"name":"(anonymous_3)","decl":{"start":{"line":41,"column":30},"end":{"line":41,"column":31}},"loc":{"start":{"line":41,"column":60},"end":{"line":47,"column":1}},"line":41},"4":{"name":"(anonymous_4)","decl":{"start":{"line":41,"column":60},"end":{"line":41,"column":61}},"loc":{"start":{"line":41,"column":72},"end":{"line":47,"column":1}},"line":41},"5":{"name":"(anonymous_5)","decl":{"start":{"line":43,"column":4},"end":{"line":43,"column":5}},"loc":{"start":{"line":43,"column":10},"end":{"line":45,"column":5}},"line":43},"6":{"name":"(anonymous_6)","decl":{"start":{"line":52,"column":27},"end":{"line":52,"column":28}},"loc":{"start":{"line":52,"column":49},"end":{"line":52,"column":68}},"line":52}},"branchMap":{},"s":{"0":1,"1":1,"2":0,"3":0,"4":0,"5":1,"6":1,"7":0,"8":0,"9":0,"10":1,"11":0},"f":{"0":0,"1":0,"2":0,"3":0,"4":0,"5":0,"6":0},"b":{},"_coverageSchema":"1a1c01bbd47fc00a2c39e90264f33305004495a9","hash":"4f0fc7364c654e2948651d6a8fb8541e89bbfb85"}
,"/workspaces/react-typescript-data-gen/src/features/generator/ColumnFilters.tsx": {"path":"/workspaces/react-typescript-data-gen/src/features/generator/ColumnFilters.tsx","statementMap":{"0":{"start":{"line":16,"column":21},"end":{"line":16,"column":26}},"1":{"start":{"line":18,"column":32},"end":{"line":108,"column":3}},"2":{"start":{"line":21,"column":2},"end":{"line":108,"column":3}},"3":{"start":{"line":30,"column":22},"end":{"line":32,"column":9}},"4":{"start":{"line":34,"column":28},"end":{"line":36,"column":9}},"5":{"start":{"line":37,"column":24},"end":{"line":40,"column":9}},"6":{"start":{"line":41,"column":8},"end":{"line":105,"column":9}},"7":{"start":{"line":44,"column":12},"end":{"line":88,"column":18}},"8":{"start":{"line":46,"column":32},"end":{"line":53,"column":17}},"9":{"start":{"line":64,"column":34},"end":{"line":68,"column":19}},"10":{"start":{"line":77,"column":20},"end":{"line":79,"column":21}},"11":{"start":{"line":92,"column":15},"end":{"line":92,"column":84}},"12":{"start":{"line":96,"column":12},"end":{"line":100,"column":13}},"13":{"start":{"line":97,"column":14},"end":{"line":99,"column":15}},"14":{"start":{"line":98,"column":22},"end":{"line":98,"column":43}},"15":{"start":{"line":104,"column":15},"end":{"line":104,"column":19}}},"fnMap":{"0":{"name":"(anonymous_0)","decl":{"start":{"line":18,"column":32},"end":{"line":18,"column":33}},"loc":{"start":{"line":21,"column":2},"end":{"line":108,"column":3}},"line":21},"1":{"name":"(anonymous_1)","decl":{"start":{"line":27,"column":9},"end":{"line":27,"column":10}},"loc":{"start":{"line":29,"column":11},"end":{"line":106,"column":7}},"line":29},"2":{"name":"(anonymous_2)","decl":{"start":{"line":43,"column":26},"end":{"line":43,"column":27}},"loc":{"start":{"line":44,"column":12},"end":{"line":88,"column":18}},"line":44},"3":{"name":"(anonymous_3)","decl":{"start":{"line":46,"column":27},"end":{"line":46,"column":28}},"loc":{"start":{"line":46,"column":32},"end":{"line":53,"column":17}},"line":46},"4":{"name":"(anonymous_4)","decl":{"start":{"line":64,"column":28},"end":{"line":64,"column":29}},"loc":{"start":{"line":64,"column":34},"end":{"line":68,"column":19}},"line":64},"5":{"name":"(anonymous_5)","decl":{"start":{"line":76,"column":28},"end":{"line":76,"column":29}},"loc":{"start":{"line":76,"column":34},"end":{"line":80,"column":19}},"line":76},"6":{"name":"(anonymous_6)","decl":{"start":{"line":90,"column":22},"end":{"line":90,"column":23}},"loc":{"start":{"line":92,"column":15},"end":{"line":92,"column":84}},"line":92},"7":{"name":"(anonymous_7)","decl":{"start":{"line":93,"column":41},"end":{"line":93,"column":42}},"loc":{"start":{"line":95,"column":15},"end":{"line":101,"column":11}},"line":95},"8":{"name":"(anonymous_8)","decl":{"start":{"line":98,"column":16},"end":{"line":98,"column":17}},"loc":{"start":{"line":98,"column":22},"end":{"line":98,"column":43}},"line":98},"9":{"name":"(anonymous_9)","decl":{"start":{"line":102,"column":18},"end":{"line":102,"column":19}},"loc":{"start":{"line":104,"column":15},"end":{"line":104,"column":19}},"line":104}},"branchMap":{"0":{"loc":{"start":{"line":92,"column":45},"end":{"line":92,"column":77}},"type":"cond-expr","locations":[{"start":{"line":92,"column":56},"end":{"line":92,"column":65}},{"start":{"line":92,"column":68},"end":{"line":92,"column":77}}],"line":92},"1":{"loc":{"start":{"line":96,"column":12},"end":{"line":100,"column":13}},"type":"if","locations":[{"start":{"line":96,"column":12},"end":{"line":100,"column":13}},{"start":{"line":96,"column":12},"end":{"line":100,"column":13}}],"line":96}},"s":{"0":0,"1":0,"2":0,"3":0,"4":0,"5":0,"6":0,"7":0,"8":0,"9":0,"10":0,"11":0,"12":0,"13":0,"14":0,"15":0},"f":{"0":0,"1":0,"2":0,"3":0,"4":0,"5":0,"6":0,"7":0,"8":0,"9":0},"b":{"0":[0,0],"1":[0,0]}}
,"/workspaces/react-typescript-data-gen/src/features/generator/Table.tsx": {"path":"/workspaces/react-typescript-data-gen/src/features/generator/Table.tsx","statementMap":{"0":{"start":{"line":8,"column":15},"end":{"line":8,"column":38}},"1":{"start":{"line":16,"column":2},"end":{"line":19,"column":11}}},"fnMap":{"0":{"name":"TableGen","decl":{"start":{"line":7,"column":16},"end":{"line":7,"column":24}},"loc":{"start":{"line":7,"column":28},"end":{"line":20,"column":1}},"line":7}},"branchMap":{},"s":{"0":1,"1":1},"f":{"0":1},"b":{},"_coverageSchema":"1a1c01bbd47fc00a2c39e90264f33305004495a9","hash":"191927646c9de109b5cfeb75bcc7124a98201d75"}
,"/workspaces/react-typescript-data-gen/src/features/generator/generatorSlice.ts": {"path":"/workspaces/react-typescript-data-gen/src/features/generator/generatorSlice.ts","statementMap":{"0":{"start":{"line":8,"column":37},"end":{"line":30,"column":1}},"1":{"start":{"line":32,"column":30},"end":{"line":210,"column":1}},"2":{"start":{"line":40,"column":8},"end":{"line":80,"column":9}},"3":{"start":{"line":43,"column":27},"end":{"line":45,"column":11}},"4":{"start":{"line":46,"column":10},"end":{"line":49,"column":11}},"5":{"start":{"line":51,"column":30},"end":{"line":53,"column":11}},"6":{"start":{"line":54,"column":10},"end":{"line":71,"column":11}},"7":{"start":{"line":73,"column":10},"end":{"line":75,"column":11}},"8":{"start":{"line":77,"column":10},"end":{"line":79,"column":17}},"9":{"start":{"line":81,"column":8},"end":{"line":83,"column":9}},"10":{"start":{"line":88,"column":21},"end":{"line":88,"column":40}},"11":{"start":{"line":90,"column":8},"end":{"line":96,"column":9}},"12":{"start":{"line":101,"column":8},"end":{"line":101,"column":39}},"13":{"start":{"line":104,"column":38},"end":{"line":106,"column":9}},"14":{"start":{"line":107,"column":27},"end":{"line":109,"column":9}},"15":{"start":{"line":110,"column":8},"end":{"line":112,"column":9}},"16":{"start":{"line":113,"column":22},"end":{"line":124,"column":9}},"17":{"start":{"line":125,"column":8},"end":{"line":127,"column":9}},"18":{"start":{"line":134,"column":26},"end":{"line":138,"column":9}},"19":{"start":{"line":139,"column":8},"end":{"line":141,"column":9}},"20":{"start":{"line":143,"column":23},"end":{"line":176,"column":21}},"21":{"start":{"line":189,"column":28},"end":{"line":191,"column":9}},"22":{"start":{"line":192,"column":8},"end":{"line":199,"column":9}},"23":{"start":{"line":204,"column":8},"end":{"line":206,"column":9}},"24":{"start":{"line":212,"column":75},"end":{"line":212,"column":97}},"25":{"start":{"line":227,"column":29},"end":{"line":229,"column":28}},"26":{"start":{"line":229,"column":5},"end":{"line":229,"column":28}},"27":{"start":{"line":230,"column":26},"end":{"line":232,"column":25}},"28":{"start":{"line":232,"column":5},"end":{"line":232,"column":25}},"29":{"start":{"line":233,"column":30},"end":{"line":235,"column":29}},"30":{"start":{"line":235,"column":5},"end":{"line":235,"column":29}}},"fnMap":{"0":{"name":"(anonymous_0)","decl":{"start":{"line":37,"column":20},"end":{"line":37,"column":21}},"loc":{"start":{"line":39,"column":11},"end":{"line":84,"column":7}},"line":39},"1":{"name":"(anonymous_1)","decl":{"start":{"line":85,"column":20},"end":{"line":85,"column":21}},"loc":{"start":{"line":87,"column":11},"end":{"line":97,"column":7}},"line":87},"2":{"name":"(anonymous_2)","decl":{"start":{"line":98,"column":16},"end":{"line":98,"column":17}},"loc":{"start":{"line":100,"column":11},"end":{"line":102,"column":7}},"line":100},"3":{"name":"(anonymous_3)","decl":{"start":{"line":103,"column":11},"end":{"line":103,"column":12}},"loc":{"start":{"line":103,"column":20},"end":{"line":200,"column":7}},"line":103},"4":{"name":"(anonymous_4)","decl":{"start":{"line":201,"column":20},"end":{"line":201,"column":21}},"loc":{"start":{"line":203,"column":11},"end":{"line":207,"column":7}},"line":203},"5":{"name":"(anonymous_5)","decl":{"start":{"line":227,"column":29},"end":{"line":227,"column":30}},"loc":{"start":{"line":229,"column":5},"end":{"line":229,"column":28}},"line":229},"6":{"name":"(anonymous_6)","decl":{"start":{"line":230,"column":26},"end":{"line":230,"column":27}},"loc":{"start":{"line":232,"column":5},"end":{"line":232,"column":25}},"line":232},"7":{"name":"(anonymous_7)","decl":{"start":{"line":233,"column":30},"end":{"line":233,"column":31}},"loc":{"start":{"line":235,"column":5},"end":{"line":235,"column":29}},"line":235}},"branchMap":{"0":{"loc":{"start":{"line":40,"column":8},"end":{"line":80,"column":9}},"type":"if","locations":[{"start":{"line":40,"column":8},"end":{"line":80,"column":9}},{"start":{"line":40,"column":8},"end":{"line":80,"column":9}}],"line":40},"1":{"loc":{"start":{"line":143,"column":23},"end":{"line":176,"column":21}},"type":"cond-expr","locations":[{"start":{"line":146,"column":12},"end":{"line":175,"column":11}},{"start":{"line":176,"column":12},"end":{"line":176,"column":21}}],"line":143}},"s":{"0":1,"1":1,"2":0,"3":0,"4":0,"5":0,"6":0,"7":0,"8":0,"9":0,"10":0,"11":0,"12":0,"13":0,"14":0,"15":0,"16":0,"17":0,"18":0,"19":0,"20":0,"21":0,"22":0,"23":0,"24":1,"25":1,"26":2,"27":1,"28":2,"29":1,"30":2},"f":{"0":0,"1":0,"2":0,"3":0,"4":0,"5":2,"6":2,"7":2},"b":{"0":[0,0],"1":[0,0]},"_coverageSchema":"1a1c01bbd47fc00a2c39e90264f33305004495a9","hash":"ec110506cecf98d9619a0753efb19d9f96448d75"}
,"/workspaces/react-typescript-data-gen/src/utils/dates.ts": {"path":"/workspaces/react-typescript-data-gen/src/utils/dates.ts","statementMap":{"0":{"start":{"line":6,"column":17},"end":{"line":6,"column":18}},"1":{"start":{"line":7,"column":18},"end":{"line":9,"column":1}},"2":{"start":{"line":10,"column":18},"end":{"line":14,"column":1}},"3":{"start":{"line":16,"column":34},"end":{"line":24,"column":24}},"4":{"start":{"line":19,"column":5},"end":{"line":24,"column":23}},"5":{"start":{"line":25,"column":25},"end":{"line":51,"column":1}},"6":{"start":{"line":52,"column":30},"end":{"line":84,"column":1}},"7":{"start":{"line":70,"column":10},"end":{"line":70,"column":94}},"8":{"start":{"line":71,"column":10},"end":{"line":71,"column":20}}},"fnMap":{"0":{"name":"(anonymous_0)","decl":{"start":{"line":16,"column":40},"end":{"line":16,"column":41}},"loc":{"start":{"line":19,"column":5},"end":{"line":24,"column":23}},"line":19},"1":{"name":"(anonymous_1)","decl":{"start":{"line":67,"column":8},"end":{"line":67,"column":9}},"loc":{"start":{"line":69,"column":13},"end":{"line":72,"column":9}},"line":69}},"branchMap":{"0":{"loc":{"start":{"line":70,"column":19},"end":{"line":70,"column":93}},"type":"cond-expr","locations":[{"start":{"line":70,"column":40},"end":{"line":70,"column":70}},{"start":{"line":70,"column":75},"end":{"line":70,"column":92}}],"line":70}},"s":{"0":1,"1":1,"2":1,"3":1,"4":0,"5":1,"6":1,"7":0,"8":0},"f":{"0":0,"1":0},"b":{"0":[0,0]},"_coverageSchema":"1a1c01bbd47fc00a2c39e90264f33305004495a9","hash":"905fe1bc93621601f97fe1643741a13157a5a605"}
,"/workspaces/react-typescript-data-gen/src/utils/index.ts": {"path":"/workspaces/react-typescript-data-gen/src/utils/index.ts","statementMap":{},"fnMap":{},"branchMap":{},"s":{},"f":{},"b":{}}
,"/workspaces/react-typescript-data-gen/src/utils/popular.ts": {"path":"/workspaces/react-typescript-data-gen/src/utils/popular.ts","statementMap":{"0":{"start":{"line":6,"column":33},"end":{"line":25,"column":1}},"1":{"start":{"line":26,"column":31},"end":{"line":41,"column":1}},"2":{"start":{"line":30,"column":4},"end":{"line":40,"column":5}},"3":{"start":{"line":33,"column":11},"end":{"line":35,"column":7}},"4":{"start":{"line":42,"column":28},"end":{"line":56,"column":1}},"5":{"start":{"line":44,"column":5},"end":{"line":56,"column":1}}},"fnMap":{"0":{"name":"(anonymous_0)","decl":{"start":{"line":27,"column":2},"end":{"line":27,"column":3}},"loc":{"start":{"line":30,"column":4},"end":{"line":40,"column":5}},"line":30},"1":{"name":"(anonymous_1)","decl":{"start":{"line":31,"column":6},"end":{"line":31,"column":7}},"loc":{"start":{"line":33,"column":11},"end":{"line":35,"column":7}},"line":33},"2":{"name":"(anonymous_2)","decl":{"start":{"line":42,"column":28},"end":{"line":42,"column":29}},"loc":{"start":{"line":44,"column":5},"end":{"line":56,"column":1}},"line":44}},"branchMap":{"0":{"loc":{"start":{"line":34,"column":8},"end":{"line":34,"column":27}},"type":"binary-expr","locations":[{"start":{"line":34,"column":8},"end":{"line":34,"column":20}},{"start":{"line":34,"column":24},"end":{"line":34,"column":27}}],"line":34}},"s":{"0":2,"1":2,"2":0,"3":0,"4":2,"5":1},"f":{"0":0,"1":0,"2":1},"b":{"0":[0,0]},"_coverageSchema":"1a1c01bbd47fc00a2c39e90264f33305004495a9","hash":"b1e6866ed2a477bee849167170563e7a51dd42be"}
}
