TN:
SF:src/App.tsx
FN:9,App
FN:19,(anonymous_1)
FNF:2
FNH:1
FNDA:1,App
FNDA:0,(anonymous_1)
DA:10,1
DA:19,0
LF:2
LH:1
BRF:0
BRH:0
end_of_record
TN:
SF:src/index.tsx
FNF:0
FNH:0
DA:9,0
DA:21,0
LF:2
LH:0
BRF:0
BRH:0
end_of_record
TN:
SF:src/serviceWorker.ts
FN:24,registerValidSW
FN:29,(anonymous_1)
FN:30,(anonymous_2)
FN:35,(anonymous_3)
FN:63,(anonymous_4)
FN:70,checkValidServiceWorker
FN:79,(anonymous_6)
FN:87,(anonymous_7)
FN:88,(anonymous_8)
FN:99,(anonymous_9)
FN:104,register
FN:118,(anonymous_11)
FN:129,(anonymous_12)
FN:144,unregister
FN:147,(anonymous_14)
FN:150,(anonymous_15)
FNF:16
FNH:0
FNDA:0,registerValidSW
FNDA:0,(anonymous_1)
FNDA:0,(anonymous_2)
FNDA:0,(anonymous_3)
FNDA:0,(anonymous_4)
FNDA:0,checkValidServiceWorker
FNDA:0,(anonymous_6)
FNDA:0,(anonymous_7)
FNDA:0,(anonymous_8)
FNDA:0,(anonymous_9)
FNDA:0,register
FNDA:0,(anonymous_11)
FNDA:0,(anonymous_12)
FNDA:0,unregister
FNDA:0,(anonymous_14)
FNDA:0,(anonymous_15)
DA:13,0
DA:27,0
DA:30,0
DA:31,0
DA:32,0
DA:33,0
DA:35,0
DA:36,0
DA:37,0
DA:41,0
DA:45,0
DA:46,0
DA:52,0
DA:55,0
DA:56,0
DA:64,0
DA:74,0
DA:81,0
DA:82,0
DA:87,0
DA:88,0
DA:89,0
DA:94,0
DA:100,0
DA:105,0
DA:107,0
DA:110,0
DA:114,0
DA:117,0
DA:119,0
DA:121,0
DA:123,0
DA:129,0
DA:130,0
DA:135,0
DA:145,0
DA:146,0
DA:148,0
DA:151,0
LF:39
LH:0
BRDA:13,0,0,0
BRDA:13,0,1,0
BRDA:13,0,2,0
BRDA:32,1,0,0
BRDA:32,1,1,0
BRDA:36,2,0,0
BRDA:36,2,1,0
BRDA:37,3,0,0
BRDA:37,3,1,0
BRDA:45,4,0,0
BRDA:45,4,1,0
BRDA:45,5,0,0
BRDA:45,5,1,0
BRDA:55,6,0,0
BRDA:55,6,1,0
BRDA:55,7,0,0
BRDA:55,7,1,0
BRDA:82,8,0,0
BRDA:82,8,1,0
BRDA:83,9,0,0
BRDA:83,9,1,0
BRDA:83,9,2,0
BRDA:105,10,0,0
BRDA:105,10,1,0
BRDA:105,11,0,0
BRDA:105,11,1,0
BRDA:110,12,0,0
BRDA:110,12,1,0
BRDA:121,13,0,0
BRDA:121,13,1,0
BRDA:145,14,0,0
BRDA:145,14,1,0
BRF:32
BRH:0
end_of_record
TN:
SF:src/app/store.ts
FNF:0
FNH:0
DA:5,1
LF:1
LH:1
BRF:0
BRH:0
end_of_record
TN:
SF:src/components/AddColumn.tsx
FN:23,(anonymous_0)
FN:33,(anonymous_1)
FN:49,(anonymous_2)
FNF:3
FNH:0
FNDA:0,(anonymous_0)
FNDA:0,(anonymous_1)
FNDA:0,(anonymous_2)
DA:7,1
DA:8,1
DA:14,1
DA:23,1
DA:24,0
DA:25,0
DA:26,0
DA:29,0
DA:33,0
DA:36,0
DA:37,0
DA:39,0
DA:42,0
DA:49,0
DA:50,0
DA:53,0
DA:56,0
DA:61,0
LF:18
LH:4
BRDA:36,0,0,0
BRDA:36,0,1,0
BRDA:102,1,0,0
BRDA:102,1,1,0
BRF:4
BRH:0
end_of_record
TN:
SF:src/components/RadioGroup.tsx
FN:16,RadioGroup
FN:34,(anonymous_1)
FN:45,(anonymous_2)
FN:53,(anonymous_3)
FN:56,(anonymous_4)
FNF:5
FNH:1
FNDA:1,RadioGroup
FNDA:0,(anonymous_1)
FNDA:0,(anonymous_2)
FNDA:0,(anonymous_3)
FNDA:0,(anonymous_4)
DA:9,1
DA:11,1
DA:17,1
DA:18,1
DA:19,1
DA:20,1
DA:25,1
DA:27,1
DA:34,0
DA:45,0
DA:53,0
DA:59,0
LF:12
LH:8
BRDA:34,0,0,0
BRDA:34,0,1,0
BRDA:38,1,0,1
BRDA:38,1,1,0
BRDA:48,2,0,1
BRDA:48,2,1,0
BRF:6
BRH:2
end_of_record
TN:
SF:src/components/WeekDays.tsx
FN:5,(anonymous_0)
FN:8,(anonymous_1)
FN:23,(anonymous_2)
FN:28,(anonymous_3)
FNF:4
FNH:0
FNDA:0,(anonymous_0)
FNDA:0,(anonymous_1)
FNDA:0,(anonymous_2)
FNDA:0,(anonymous_3)
DA:5,1
DA:8,0
DA:11,0
DA:12,0
DA:15,0
DA:19,0
DA:26,0
DA:28,0
LF:8
LH:1
BRDA:32,0,0,0
BRDA:32,0,1,0
BRF:2
BRH:0
end_of_record
TN:
SF:src/features/counter/Counter.tsx
FN:12,Counter
FN:24,(anonymous_1)
FN:32,(anonymous_2)
FN:41,(anonymous_3)
FN:46,(anonymous_4)
FN:54,(anonymous_5)
FNF:6
FNH:0
FNDA:0,Counter
FNDA:0,(anonymous_1)
FNDA:0,(anonymous_2)
FNDA:0,(anonymous_3)
FNDA:0,(anonymous_4)
FNDA:0,(anonymous_5)
DA:13,0
DA:15,0
DA:16,0
DA:18,0
DA:24,0
DA:32,0
DA:41,0
DA:47,0
DA:54,0
LF:9
LH:0
BRDA:47,0,0,0
BRDA:47,0,1,0
BRDA:54,1,0,0
BRDA:54,1,1,0
BRF:4
BRH:0
end_of_record
TN:
SF:src/features/counter/counterSlice.ts
FN:16,(anonymous_0)
FN:23,(anonymous_1)
FN:27,(anonymous_2)
FN:41,(anonymous_3)
FN:41,(anonymous_4)
FN:43,(anonymous_5)
FN:52,(anonymous_6)
FNF:7
FNH:0
FNDA:0,(anonymous_0)
FNDA:0,(anonymous_1)
FNDA:0,(anonymous_2)
FNDA:0,(anonymous_3)
FNDA:0,(anonymous_4)
FNDA:0,(anonymous_5)
FNDA:0,(anonymous_6)
DA:8,1
DA:12,1
DA:21,0
DA:24,0
DA:30,0
DA:35,1
DA:41,1
DA:42,0
DA:44,0
DA:52,1
LF:10
LH:5
BRF:0
BRH:0
end_of_record
TN:
SF:src/features/generator/ColumnFilters.tsx
FN:18,(anonymous_0)
FN:27,(anonymous_1)
FN:43,(anonymous_2)
FN:46,(anonymous_3)
FN:64,(anonymous_4)
FN:76,(anonymous_5)
FN:90,(anonymous_6)
FN:93,(anonymous_7)
FN:98,(anonymous_8)
FN:102,(anonymous_9)
FNF:10
FNH:0
FNDA:0,(anonymous_0)
FNDA:0,(anonymous_1)
FNDA:0,(anonymous_2)
FNDA:0,(anonymous_3)
FNDA:0,(anonymous_4)
FNDA:0,(anonymous_5)
FNDA:0,(anonymous_6)
FNDA:0,(anonymous_7)
FNDA:0,(anonymous_8)
FNDA:0,(anonymous_9)
DA:16,0
DA:18,0
DA:21,0
DA:30,0
DA:34,0
DA:37,0
DA:41,0
DA:44,0
DA:46,0
DA:64,0
DA:77,0
DA:92,0
DA:96,0
DA:97,0
DA:98,0
DA:104,0
LF:16
LH:0
BRDA:92,0,0,0
BRDA:92,0,1,0
BRDA:96,1,0,0
BRDA:96,1,1,0
BRF:4
BRH:0
end_of_record
TN:
SF:src/features/generator/Table.tsx
FN:7,TableGen
FNF:1
FNH:1
FNDA:1,TableGen
DA:8,1
DA:16,1
LF:2
LH:2
BRF:0
BRH:0
end_of_record
TN:
SF:src/features/generator/generatorSlice.ts
FN:37,(anonymous_0)
FN:85,(anonymous_1)
FN:98,(anonymous_2)
FN:103,(anonymous_3)
FN:201,(anonymous_4)
FN:227,(anonymous_5)
FN:230,(anonymous_6)
FN:233,(anonymous_7)
FNF:8
FNH:3
FNDA:0,(anonymous_0)
FNDA:0,(anonymous_1)
FNDA:0,(anonymous_2)
FNDA:0,(anonymous_3)
FNDA:0,(anonymous_4)
FNDA:2,(anonymous_5)
FNDA:2,(anonymous_6)
FNDA:2,(anonymous_7)
DA:8,1
DA:32,1
DA:40,0
DA:43,0
DA:46,0
DA:51,0
DA:54,0
DA:73,0
DA:77,0
DA:81,0
DA:88,0
DA:90,0
DA:101,0
DA:104,0
DA:107,0
DA:110,0
DA:113,0
DA:125,0
DA:134,0
DA:139,0
DA:143,0
DA:189,0
DA:192,0
DA:204,0
DA:212,1
DA:227,1
DA:229,2
DA:230,1
DA:232,2
DA:233,1
DA:235,2
LF:31
LH:9
BRDA:40,0,0,0
BRDA:40,0,1,0
BRDA:143,1,0,0
BRDA:143,1,1,0
BRF:4
BRH:0
end_of_record
TN:
SF:src/utils/dates.ts
FN:16,(anonymous_0)
FN:67,(anonymous_1)
FNF:2
FNH:0
FNDA:0,(anonymous_0)
FNDA:0,(anonymous_1)
DA:6,1
DA:7,1
DA:10,1
DA:16,1
DA:19,0
DA:25,1
DA:52,1
DA:70,0
DA:71,0
LF:9
LH:6
BRDA:70,0,0,0
BRDA:70,0,1,0
BRF:2
BRH:0
end_of_record
TN:
SF:src/utils/index.ts
FNF:0
FNH:0
LF:0
LH:0
BRF:0
BRH:0
end_of_record
TN:
SF:src/utils/popular.ts
FN:27,(anonymous_0)
FN:31,(anonymous_1)
FN:42,(anonymous_2)
FNF:3
FNH:1
FNDA:0,(anonymous_0)
FNDA:0,(anonymous_1)
FNDA:1,(anonymous_2)
DA:6,2
DA:26,2
DA:30,0
DA:33,0
DA:42,2
DA:44,1
LF:6
LH:4
BRDA:34,0,0,0
BRDA:34,0,1,0
BRF:2
BRH:0
end_of_record
